[1] "iris_1.txt"

    setosa versicolor  virginica 
        50         50         50 
[1] "iris_2.txt"

    setosa versicolor  virginica 
        50         50         50 
[1] "iris_3.txt"

    setosa versicolor  virginica 
        50         50         50 
[1] "iris_4.txt"

    setosa versicolor  virginica 
        50         50         50 
[1] "iris_5.txt"

    setosa versicolor  virginica 
        50         50         50 
[1] "iris_6.txt"

    setosa versicolor  virginica 
        50         50         50 
[1] "iris_7.txt"

    setosa versicolor  virginica 
        50         50         50 
[1] "iris_8.txt"

    setosa versicolor  virginica 
        50         50         50 
[1] "iris_9.txt"

    setosa versicolor  virginica 
        50         50         50 
[1] "iris_10.txt"

    setosa versicolor  virginica 
        50         50         50 
[1] "iris_11.txt"

    setosa versicolor  virginica 
        50         50         50 
[1] "iris_12.txt"

    setosa versicolor  virginica 
        50         50         50 
[1] "iris_13.txt"

    setosa versicolor  virginica 
        50         50         50 
[1] "iris_14.txt"

    setosa versicolor  virginica 
        50         50         50 
[1] "iris_15.txt"

    setosa versicolor  virginica 
        50         50         50 
[1] "iris_16.txt"

    setosa versicolor  virginica 
        50         50         50 
[1] "iris_17.txt"

    setosa versicolor  virginica 
        50         50         50 
[1] "iris_18.txt"

    setosa versicolor  virginica 
        50         50         50 
[1] "iris_19.txt"

    setosa versicolor  virginica 
        50         50         50 
[1] "iris_20.txt"

    setosa versicolor  virginica 
        50         50         50 
[1] "iris_21.txt"

    setosa versicolor  virginica 
        50         50         50 
[1] "iris_22.txt"

    setosa versicolor  virginica 
        50         50         50 
[1] "iris_23.txt"

    setosa versicolor  virginica 
        50         50         50 
[1] "iris_24.txt"

    setosa versicolor  virginica 
        50         50         50 
[1] "iris_25.txt"

    setosa versicolor  virginica 
        50         50         50 
[1] "iris_26.txt"

    setosa versicolor  virginica 
        50         50         50 
[1] "iris_27.txt"

    setosa versicolor  virginica 
        50         50         50 
[1] "iris_28.txt"

    setosa versicolor  virginica 
        50         50         50 
[1] "iris_29.txt"

    setosa versicolor  virginica 
        50         50         50 
[1] "iris_30.txt"

    setosa versicolor  virginica 
        50         50         50 
[1] "iris_31.txt"

    setosa versicolor  virginica 
        50         50         50 
[1] "iris_32.txt"

    setosa versicolor  virginica 
        50         50         50 
[1] "iris_33.txt"

    setosa versicolor  virginica 
        50         50         50 
[1] "iris_34.txt"

    setosa versicolor  virginica 
        50         50         50 
[1] "iris_35.txt"

    setosa versicolor  virginica 
        50         50         50 
[1] "iris_36.txt"

    setosa versicolor  virginica 
        50         50         50 
[1] "iris_37.txt"

    setosa versicolor  virginica 
        50         50         50 
[1] "iris_38.txt"

    setosa versicolor  virginica 
        50         50         50 
[1] "iris_39.txt"

    setosa versicolor  virginica 
        50         50         50 
[1] "iris_40.txt"

    setosa versicolor  virginica 
        50         50         50 
[1] "iris_41.txt"

    setosa versicolor  virginica 
        50         50         50 
[1] "iris_42.txt"

    setosa versicolor  virginica 
        50         50         50 
[1] "iris_43.txt"

    setosa versicolor  virginica 
        50         50         50 
[1] "iris_44.txt"

    setosa versicolor  virginica 
        50         50         50 
[1] "iris_45.txt"

    setosa versicolor  virginica 
        50         50         50 
[1] "iris_46.txt"

    setosa versicolor  virginica 
        50         50         50 
[1] "iris_47.txt"

    setosa versicolor  virginica 
        50         50         50 
[1] "iris_48.txt"

    setosa versicolor  virginica 
        50         50         50 
[1] "iris_49.txt"

    setosa versicolor  virginica 
        50         50         50 
[1] "iris_50.txt"

    setosa versicolor  virginica 
        50         50         50 
[1] "iris_51.txt"

    setosa versicolor  virginica 
        50         50         50 
[1] "iris_52.txt"

    setosa versicolor  virginica 
        50         50         50 
[1] "iris_53.txt"

    setosa versicolor  virginica 
        50         50         50 
[1] "iris_54.txt"

    setosa versicolor  virginica 
        50         50         50 
[1] "iris_55.txt"

    setosa versicolor  virginica 
        50         50         50 
[1] "iris_56.txt"

    setosa versicolor  virginica 
        50         50         50 
[1] "iris_57.txt"

    setosa versicolor  virginica 
        50         50         50 
[1] "iris_58.txt"

    setosa versicolor  virginica 
        50         50         50 
[1] "iris_59.txt"

    setosa versicolor  virginica 
        50         50         50 
[1] "iris_60.txt"

    setosa versicolor  virginica 
        50         50         50 
[1] "iris_61.txt"

    setosa versicolor  virginica 
        50         50         50 
[1] "iris_62.txt"

    setosa versicolor  virginica 
        50         50         50 
[1] "iris_63.txt"

    setosa versicolor  virginica 
        50         50         50 
[1] "iris_64.txt"

    setosa versicolor  virginica 
        50         50         50 
[1] "iris_65.txt"

    setosa versicolor  virginica 
        50         50         50 
[1] "iris_66.txt"

    setosa versicolor  virginica 
        50         50         50 
[1] "iris_67.txt"

    setosa versicolor  virginica 
        50         50         50 
[1] "iris_68.txt"

    setosa versicolor  virginica 
        50         50         50 
[1] "iris_69.txt"

    setosa versicolor  virginica 
        50         50         50 
[1] "iris_70.txt"

    setosa versicolor  virginica 
        50         50         50 
[1] "iris_71.txt"

    setosa versicolor  virginica 
        50         50         50 
[1] "iris_72.txt"

    setosa versicolor  virginica 
        50         50         50 
[1] "iris_73.txt"

    setosa versicolor  virginica 
        50         50         50 
[1] "iris_74.txt"

    setosa versicolor  virginica 
        50         50         50 
[1] "iris_75.txt"

    setosa versicolor  virginica 
        50         50         50 
[1] "iris_76.txt"

    setosa versicolor  virginica 
        50         50         50 
[1] "iris_77.txt"

    setosa versicolor  virginica 
        50         50         50 
[1] "iris_78.txt"

    setosa versicolor  virginica 
        50         50         50 
[1] "iris_79.txt"

    setosa versicolor  virginica 
        50         50         50 
[1] "iris_80.txt"

    setosa versicolor  virginica 
        50         50         50 
[1] "iris_81.txt"

    setosa versicolor  virginica 
        50         50         50 
[1] "iris_82.txt"

    setosa versicolor  virginica 
        50         50         50 
[1] "iris_83.txt"

    setosa versicolor  virginica 
        50         50         50 
[1] "iris_84.txt"

    setosa versicolor  virginica 
        50         50         50 
[1] "iris_85.txt"

    setosa versicolor  virginica 
        50         50         50 
[1] "iris_86.txt"

    setosa versicolor  virginica 
        50         50         50 
[1] "iris_87.txt"

    setosa versicolor  virginica 
        50         50         50 
[1] "iris_88.txt"

    setosa versicolor  virginica 
        50         50         50 
[1] "iris_89.txt"

    setosa versicolor  virginica 
        50         50         50 
[1] "iris_90.txt"

    setosa versicolor  virginica 
        50         50         50 
[1] "iris_91.txt"

    setosa versicolor  virginica 
        50         50         50 
[1] "iris_92.txt"

    setosa versicolor  virginica 
        50         50         50 
[1] "iris_93.txt"

    setosa versicolor  virginica 
        50         50         50 
[1] "iris_94.txt"

    setosa versicolor  virginica 
        50         50         50 
[1] "iris_95.txt"

    setosa versicolor  virginica 
        50         50         50 
[1] "iris_96.txt"

    setosa versicolor  virginica 
        50         50         50 
[1] "iris_97.txt"

    setosa versicolor  virginica 
        50         50         50 
[1] "iris_98.txt"

    setosa versicolor  virginica 
        50         50         50 
[1] "iris_99.txt"

    setosa versicolor  virginica 
        50         50         50 
[1] "iris_100.txt"

    setosa versicolor  virginica 
        50         50         50 
[1] "Contents of Dataset for Question 1:"
[1] "Dimensions of dataset:"
[1] 15000     6
     Sample        Sepal.Length    Sepal.Width     Petal.Length  
 Min.   :  1.00   Min.   :4.273   Min.   :1.972   Min.   :0.978  
 1st Qu.: 25.75   1st Qu.:5.103   1st Qu.:2.796   1st Qu.:1.584  
 Median : 50.50   Median :5.793   Median :3.005   Median :4.351  
 Mean   : 50.50   Mean   :5.843   Mean   :3.057   Mean   :3.758  
 3rd Qu.: 75.25   3rd Qu.:6.404   3rd Qu.:3.314   3rd Qu.:5.102  
 Max.   :100.00   Max.   :7.929   Max.   :4.424   Max.   :6.928  
  Petal.Width      Species         
 Min.   :0.069   Length:15000      
 1st Qu.:0.300   Class :character  
 Median :1.307   Mode  :character  
 Mean   :1.199                     
 3rd Qu.:1.806                     
 Max.   :2.528                     

    setosa versicolor  virginica 
      5000       5000       5000 
